[Auto Workers] Cluster: 487e2664-45fe-4a21-9e53-860eddc37e5e
[Auto Workers] Wartet auf Jobs...
[rechnung-erfassen] R-001 via email
[compliance-check] R-001: 5000.0 EUR (Schwellenwert: 10000)
[uipath-erp-queue] Starte f³r Rechnung R-001
[uipath-erp-queue] Token erhalten
[uipath-erp-queue] StartJobs: 201 {"@odata.context":"https://cloud.uipath.com/gruppe11dvg/DefaultTenant/orchestrator_/odata/$metadata#Jobs","value":[{"FolderKey":"e465613c-7151-4c9e-9037-633678153cce","Key":"7aed4ee8-f18d-432e-a964-ff5497f0ab63","StartTime":null,"EndTime":null,"State":"Pending","SubState":null,"JobPriority":"Normal"
[uipath-erp-queue] Job gestartet, ID: 686685956
[uipath-erp-queue] Job Status: Running
[uipath-erp-queue] Job Status: Running
[uipath-erp-queue] Job Status: Running
[uipath-erp-queue] Job Status: Running
[uipath-erp-queue] Job Status: Running
[uipath-erp-queue] Job Status: Successful
[uipath-erp-queue] Bot erfolgreich abgeschlossen.
[rechnung-archivieren] R-001, 5000 EUR
[rechnung-erfassen] R-001 via email
[compliance-check] R-001: 5000.0 EUR (Schwellenwert: 10000)
[uipath-erp-queue] Starte f³r Rechnung R-001
[uipath-erp-queue] Token erhalten
[uipath-erp-queue] StartJobs: 201 {"@odata.context":"https://cloud.uipath.com/gruppe11dvg/DefaultTenant/orchestrator_/odata/$metadata#Jobs","value":[{"FolderKey":"e465613c-7151-4c9e-9037-633678153cce","Key":"376bb4a9-36ed-43d6-bbb6-1cd83142d4bb","StartTime":null,"EndTime":null,"State":"Pending","SubState":null,"JobPriority":"Normal"
[uipath-erp-queue] Job gestartet, ID: 686701836
[uipath-erp-queue] Job Status: Running
[uipath-erp-queue] Job Status: Running
[uipath-erp-queue] Job Status: Running
[uipath-erp-queue] Job Status: Running
[uipath-erp-queue] Job Status: Running
[uipath-erp-queue] Job Status: Successful
[uipath-erp-queue] Bot erfolgreich abgeschlossen.
[rechnung-archivieren] R-001, 5000 EUR
Failed to activate jobs from the gateway. Exception: ZeebeDeadlineExceeded(grpc_error=AioRpcError(code=StatusCode.DEADLINE_EXCEEDED, details=Deadline Exceeded, debug_error_string=UNKNOWN:Error received from peer  {grpc_status:4, grpc_message:"Deadline Exceeded"})). Retrying in 5 seconds...
Failed to activate jobs from the gateway. Exception: ZeebeDeadlineExceeded(grpc_error=AioRpcError(code=StatusCode.DEADLINE_EXCEEDED, details=Deadline Exceeded, debug_error_string=UNKNOWN:Error received from peer  {grpc_status:4, grpc_message:"Deadline Exceeded"})). Retrying in 5 seconds...
Failed to activate jobs from the gateway. Exception: ZeebeDeadlineExceeded(grpc_error=AioRpcError(code=StatusCode.DEADLINE_EXCEEDED, details=Deadline Exceeded, debug_error_string=UNKNOWN:Error received from peer  {grpc_status:4, grpc_message:"Deadline Exceeded"})). Retrying in 5 seconds...
Failed to activate jobs from the gateway. Exception: ZeebeDeadlineExceeded(grpc_error=AioRpcError(code=StatusCode.DEADLINE_EXCEEDED, details=Deadline Exceeded, debug_error_string=UNKNOWN:Error received from peer  {grpc_status:4, grpc_message:"Deadline Exceeded"})). Retrying in 5 seconds...
Failed to activate jobs from the gateway. Exception: ZeebeDeadlineExceeded(grpc_error=AioRpcError(code=StatusCode.DEADLINE_EXCEEDED, details=Deadline Exceeded, debug_error_string=UNKNOWN:Error received from peer  {grpc_status:4, grpc_message:"Deadline Exceeded"})). Retrying in 5 seconds...
Failed to activate jobs from the gateway. Exception: ZeebeDeadlineExceeded(grpc_error=AioRpcError(code=StatusCode.DEADLINE_EXCEEDED, details=Deadline Exceeded, debug_error_string=UNKNOWN:Error received from peer  {grpc_status:4, grpc_message:"Deadline Exceeded"})). Retrying in 5 seconds...
Failed to activate jobs from the gateway. Exception: ZeebeDeadlineExceeded(grpc_error=AioRpcError(code=StatusCode.DEADLINE_EXCEEDED, details=Deadline Exceeded, debug_error_string=UNKNOWN:Error received from peer  {grpc_status:4, grpc_message:"Deadline Exceeded"})). Retrying in 5 seconds...
Failed to activate jobs from the gateway. Exception: ZeebeDeadlineExceeded(grpc_error=AioRpcError(code=StatusCode.DEADLINE_EXCEEDED, details=Deadline Exceeded, debug_error_string=UNKNOWN:Error received from peer  {grpc_status:4, grpc_message:"Deadline Exceeded"})). Retrying in 5 seconds...
Failed to activate jobs from the gateway. Exception: ZeebeDeadlineExceeded(grpc_error=AioRpcError(code=StatusCode.DEADLINE_EXCEEDED, details=Deadline Exceeded, debug_error_string=UNKNOWN:Error received from peer  {grpc_status:4, grpc_message:"Deadline Exceeded"})). Retrying in 5 seconds...
Failed to activate jobs from the gateway. Exception: ZeebeDeadlineExceeded(grpc_error=AioRpcError(code=StatusCode.DEADLINE_EXCEEDED, details=Deadline Exceeded, debug_error_string=UNKNOWN:Error received from peer  {grpc_status:4, grpc_message:"Deadline Exceeded"})). Retrying in 5 seconds...
Failed to activate jobs from the gateway. Exception: ZeebeDeadlineExceeded(grpc_error=AioRpcError(code=StatusCode.DEADLINE_EXCEEDED, details=Deadline Exceeded, debug_error_string=UNKNOWN:Error received from peer  {grpc_status:4, grpc_message:"Deadline Exceeded"})). Retrying in 5 seconds...
