[Extraction Worker] Cluster:      487e2664-45fe-4a21-9e53-860eddc37e5e
[Extraction Worker] n8n Webhook:  http://localhost:5678/webhook/rechnungsextraktion
[Extraction Worker] Wartet auf Jobs...
[ki-extraktion] Starte f³r UNBEKANNT, PDF: https://drive.google.com/uc?export=download&id=anyoneWithLink&confirm=t
[ki-extraktion] Sende PDF an n8n: http://localhost:5678/webhook/rechnungsextraktion
[ki-extraktion] Lade PDF von URL: https://drive.google.com/uc?export=download&id=anyoneWithLink&confirm=t
Task type: ki-extraktion - failed job Job(key=2251799878234793, type='ki-extraktion', process_instance_key=2251799878234766, bpmn_process_id='Process_workflow_sprint6', process_definition_version=2, process_definition_key=2251799878198555, element_id='Activity_09xafr9', element_instance_key=2251799878234792, custom_headers=mappingproxy({}), worker='swa', retries=1, deadline=1782738886403, variables=mappingproxy({'absender': 'ali.arslan3375@gmail.com', 'eingangskanal': 'email', 'rechnung_status': 'erfasst', 'anhang_vorhanden': True, 'rechnung_pdf_pfad': 'https://drive.google.com/uc?export=download&id=anyoneWithLink&confirm=t', 'erfassung_zeitstempel': '2026-06-29T15:02:10.406646'}), tenant_id='<default>', status=<JobStatus.Running: 'Running'>). Error: PDF-Download fehlgeschlagen: HTTP 404.
[ki-extraktion] Starte f³r UNBEKANNT, PDF: https://drive.google.com/uc?export=download&id=anyoneWithLink&confirm=t
[ki-extraktion] Sende PDF an n8n: http://localhost:5678/webhook/rechnungsextraktion
[ki-extraktion] Lade PDF von URL: https://drive.google.com/uc?export=download&id=anyoneWithLink&confirm=t
Task type: ki-extraktion - failed job Job(key=2251799878234793, type='ki-extraktion', process_instance_key=2251799878234766, bpmn_process_id='Process_workflow_sprint6', process_definition_version=2, process_definition_key=2251799878198555, element_id='Activity_09xafr9', element_instance_key=2251799878234792, custom_headers=mappingproxy({}), worker='swa', retries=1, deadline=1782739084694, variables=mappingproxy({'absender': 'ali.arslan3375@gmail.com', 'eingangskanal': 'email', 'rechnung_status': 'erfasst', 'anhang_vorhanden': True, 'rechnung_pdf_pfad': 'https://drive.google.com/uc?export=download&id=anyoneWithLink&confirm=t', 'erfassung_zeitstempel': '2026-06-29T15:02:10.406646'}), tenant_id='<default>', status=<JobStatus.Running: 'Running'>). Error: PDF-Download fehlgeschlagen: HTTP 404.
[ki-extraktion] Starte f³r UNBEKANNT, PDF: https://drive.usercontent.google.com/download?id=anyoneWithLink&export=download&authuser=0
[ki-extraktion] Sende PDF an n8n: http://localhost:5678/webhook/rechnungsextraktion
[ki-extraktion] Lade PDF von URL: https://drive.usercontent.google.com/download?id=anyoneWithLink&export=download&authuser=0
Task type: ki-extraktion - failed job Job(key=2251799878240455, type='ki-extraktion', process_instance_key=2251799878240429, bpmn_process_id='Process_workflow_sprint6', process_definition_version=2, process_definition_key=2251799878198555, element_id='Activity_09xafr9', element_instance_key=2251799878240454, custom_headers=mappingproxy({}), worker='swa', retries=3, deadline=1782739113993, variables=mappingproxy({'absender': 'ali.arslan3375@gmail.com', 'eingangskanal': 'email', 'rechnung_status': 'erfasst', 'anhang_vorhanden': True, 'rechnung_pdf_pfad': 'https://drive.usercontent.google.com/download?id=anyoneWithLink&export=download&authuser=0', 'erfassung_zeitstempel': '2026-06-29T15:18:23.780899'}), tenant_id='<default>', status=<JobStatus.Running: 'Running'>). Error: PDF-Download fehlgeschlagen: HTTP 404.
[ki-extraktion] Starte f³r UNBEKANNT, PDF: https://drive.usercontent.google.com/download?id=anyoneWithLink&export=download&authuser=0
[ki-extraktion] Sende PDF an n8n: http://localhost:5678/webhook/rechnungsextraktion
[ki-extraktion] Lade PDF von URL: https://drive.usercontent.google.com/download?id=anyoneWithLink&export=download&authuser=0
Task type: ki-extraktion - failed job Job(key=2251799878240455, type='ki-extraktion', process_instance_key=2251799878240429, bpmn_process_id='Process_workflow_sprint6', process_definition_version=2, process_definition_key=2251799878198555, element_id='Activity_09xafr9', element_instance_key=2251799878240454, custom_headers=mappingproxy({}), worker='swa', retries=2, deadline=1782739114350, variables=mappingproxy({'absender': 'ali.arslan3375@gmail.com', 'eingangskanal': 'email', 'rechnung_status': 'erfasst', 'anhang_vorhanden': True, 'rechnung_pdf_pfad': 'https://drive.usercontent.google.com/download?id=anyoneWithLink&export=download&authuser=0', 'erfassung_zeitstempel': '2026-06-29T15:18:23.780899'}), tenant_id='<default>', status=<JobStatus.Running: 'Running'>). Error: PDF-Download fehlgeschlagen: HTTP 404.
[ki-extraktion] Starte f³r UNBEKANNT, PDF: https://drive.usercontent.google.com/download?id=anyoneWithLink&export=download&authuser=0
[ki-extraktion] Sende PDF an n8n: http://localhost:5678/webhook/rechnungsextraktion
[ki-extraktion] Lade PDF von URL: https://drive.usercontent.google.com/download?id=anyoneWithLink&export=download&authuser=0
Task type: ki-extraktion - failed job Job(key=2251799878240455, type='ki-extraktion', process_instance_key=2251799878240429, bpmn_process_id='Process_workflow_sprint6', process_definition_version=2, process_definition_key=2251799878198555, element_id='Activity_09xafr9', element_instance_key=2251799878240454, custom_headers=mappingproxy({}), worker='swa', retries=1, deadline=1782739114673, variables=mappingproxy({'absender': 'ali.arslan3375@gmail.com', 'eingangskanal': 'email', 'rechnung_status': 'erfasst', 'anhang_vorhanden': True, 'rechnung_pdf_pfad': 'https://drive.usercontent.google.com/download?id=anyoneWithLink&export=download&authuser=0', 'erfassung_zeitstempel': '2026-06-29T15:18:23.780899'}), tenant_id='<default>', status=<JobStatus.Running: 'Running'>). Error: PDF-Download fehlgeschlagen: HTTP 404.
[ki-extraktion] Starte f³r UNBEKANNT, PDF: https://drive.usercontent.google.com/download?id=14m8Jbp2aAUIcnHOrsHA9bnjjo4_FTok5&export=download&authuser=0
[ki-extraktion] Sende PDF an n8n: http://localhost:5678/webhook/rechnungsextraktion
[ki-extraktion] Lade PDF von URL: https://drive.usercontent.google.com/download?id=14m8Jbp2aAUIcnHOrsHA9bnjjo4_FTok5&export=download&authuser=0
[ki-extraktion] Extraktion erfolgreich: {'rechnungs_nummer': 'RE-2026-JPY-001', 'lieferant': 'Tokyo Electronics Co. Ltd.', 'betrag': 850000, 'waehrung': 'EUR', 'datum': '2026-06-28', 'eingangskanal': 'E-Mail', 'rechnungspositionen': [{'beschreibung': 'Microcontroller Units (bulk)', 'menge': 500, 'einheit': '', 'einzelpreis': 1200}, {'beschreibung': 'PCB Assembly Service', 'menge': 100, 'einheit': '', 'einzelpreis': 1500}, {'beschreibung': 'Express Shipping Tokyo-DE', 'menge': 1, 'einheit': '', 'einzelpreis': 100000}], 'ki_extraktion_erfolgreich': True, 'ki_extraktion_zeitstempel': '2026-06-29T13:24:32.461Z'}
[ki-extraktion] Starte f³r UNBEKANNT, PDF: https://drive.usercontent.google.com/download?id=1kgd8Cen4qZychc2rIh2cwC8UGfxum0E5&export=download&authuser=0
[ki-extraktion] Sende PDF an n8n: http://localhost:5678/webhook/rechnungsextraktion
[ki-extraktion] Lade PDF von URL: https://drive.usercontent.google.com/download?id=1kgd8Cen4qZychc2rIh2cwC8UGfxum0E5&export=download&authuser=0
[ki-extraktion] Extraktion erfolgreich: {'rechnungs_nummer': 'RE-2026-JPY-001', 'lieferant': 'Tokyo Electronics Co. Ltd.', 'betrag': 850000, 'waehrung': 'EUR', 'datum': '2026-06-28', 'eingangskanal': 'E-Mail', 'rechnungspositionen': [{'beschreibung': 'Microcontroller Units (bulk)', 'menge': 500, 'einheit': 'Stk.', 'einzelpreis': 1200}, {'beschreibung': 'PCB Assembly Service', 'menge': 100, 'einheit': 'Stk.', 'einzelpreis': 1500}, {'beschreibung': 'Express Shipping Tokyo-DE', 'menge': 1, 'einheit': 'Stk.', 'einzelpreis': 100000}], 'ki_extraktion_erfolgreich': True, 'ki_extraktion_zeitstempel': '2026-06-29T13:34:31.744Z'}
[ki-extraktion] Starte f³r UNBEKANNT, PDF: https://drive.usercontent.google.com/download?id=1EtjkYrMFL3I80C7blq7zRpIOAPeKCEE2&export=download&authuser=0
[ki-extraktion] Sende PDF an n8n: http://localhost:5678/webhook/rechnungsextraktion
[ki-extraktion] Lade PDF von URL: https://drive.usercontent.google.com/download?id=1EtjkYrMFL3I80C7blq7zRpIOAPeKCEE2&export=download&authuser=0
[ki-extraktion] Extraktion erfolgreich: {'rechnungs_nummer': 'RE-2026-12500', 'lieferant': 'TechSupply GmbH', 'betrag': 12500, 'waehrung': 'EUR', 'datum': '2026-06-28', 'eingangskanal': 'Email', 'rechnungspositionen': [{'beschreibung': 'Server Hardware (Dell PowerEdge)', 'menge': 2, 'einheit': 'Stk.', 'einzelpreis': 4500}, {'beschreibung': 'Installation & Konfiguration', 'menge': 1, 'einheit': 'Stk.', 'einzelpreis': 2000}, {'beschreibung': 'Support-Paket 12 Monate', 'menge': 1, 'einheit': 'Stk.', 'einzelpreis': 1500}], 'ki_extraktion_erfolgreich': True, 'ki_extraktion_zeitstempel': '2026-06-29T13:45:29.430Z'}
[ki-extraktion] Starte f³r UNBEKANNT, PDF: C:\Users\aliar\workspace\Dvg\Dvg-sprint-6\test_rechnung.pdf
[ki-extraktion] Sende PDF an n8n: http://localhost:5678/webhook/rechnungsextraktion
[ki-extraktion] Lese PDF lokal: C:\Users\aliar\workspace\Dvg\Dvg-sprint-6\test_rechnung.pdf
[ki-extraktion] Extraktion erfolgreich: {'rechnungs_nummer': 'RE-2026-00099', 'lieferant': 'Mustermann GmbH', 'betrag': 8300.25, 'waehrung': 'EUR', 'datum': '2026-05-15', 'eingangskanal': 'Email', 'rechnungspositionen': [{'beschreibung': 'Softwareentwicklung Backend', 'menge': 40, 'einheit': 'Std.', 'einzelpreis': 95}, {'beschreibung': 'Projektmanagement', 'menge': 10, 'einheit': 'Std.', 'einzelpreis': 85}, {'beschreibung': 'Serverlizenz Cloud', 'menge': 1, 'einheit': 'Stk.', 'einzelpreis': 1200}, {'beschreibung': 'Dokumentation & Testing', 'menge': 15, 'einheit': 'Std.', 'einzelpreis': 75}], 'ki_extraktion_erfolgreich': True, 'ki_extraktion_zeitstempel': '2026-06-29T13:49:46.246Z'}
Failed to activate jobs from the gateway. Exception: ZeebeGatewayUnavailableError(grpc_error=AioRpcError(code=StatusCode.UNAVAILABLE, details=Received http2 header with status: 502, debug_error_string=UNAVAILABLE:Received http2 header with status: 502)). Retrying in 5 seconds...
